python var6.py 
Using TensorFlow backend.


Loading (or reading cached values of) CIFAR-10 dataset:


y_train :
 [[0. 0. 0. ... 0. 0. 0.]
 [0. 0. 0. ... 0. 0. 1.]
 [0. 0. 0. ... 0. 0. 1.]
 ...
 [0. 0. 0. ... 0. 0. 1.]
 [0. 1. 0. ... 0. 0. 0.]
 [0. 1. 0. ... 0. 0. 0.]] 

sample pixel in x_train :  0.36862746 

WARNING: Logging before flag parsing goes to stderr.
W1221 14:22:17.404740 140225859569408 deprecation_wrapper.py:119] From /home/anupam/miniconda3py38/envs/generative/lib/python3.6/site-packages/keras/backend/tensorflow_backend.py:74: The name tf.get_default_graph is deprecated. Please use tf.compat.v1.get_default_graph instead.

W1221 14:22:17.414523 140225859569408 deprecation_wrapper.py:119] From /home/anupam/miniconda3py38/envs/generative/lib/python3.6/site-packages/keras/backend/tensorflow_backend.py:517: The name tf.placeholder is deprecated. Please use tf.compat.v1.placeholder instead.

W1221 14:22:17.420955 140225859569408 deprecation_wrapper.py:119] From /home/anupam/miniconda3py38/envs/generative/lib/python3.6/site-packages/keras/backend/tensorflow_backend.py:4138: The name tf.random_uniform is deprecated. Please use tf.random.uniform instead.


Summary of Model using Functional API:

_________________________________________________________________
Layer (type)                 Output Shape              Param #   
=================================================================
input_1 (InputLayer)         (None, 32, 32, 3)         0         
_________________________________________________________________
flatten_1 (Flatten)          (None, 3072)              0         
_________________________________________________________________
dense_1 (Dense)              (None, 200)               614600    
_________________________________________________________________
dense_2 (Dense)              (None, 150)               30150     
_________________________________________________________________
dense_3 (Dense)              (None, 10)                1510      
=================================================================
Total params: 646,260
Trainable params: 646,260
Non-trainable params: 0
_________________________________________________________________

Compiling the model (opt=Adam, loss=cat_cross-entropy, lr=0.005)
)
W1221 14:22:17.456677 140225859569408 deprecation_wrapper.py:119] From /home/anupam/miniconda3py38/envs/generative/lib/python3.6/site-packages/keras/optimizers.py:790: The name tf.train.Optimizer is deprecated. Please use tf.compat.v1.train.Optimizer instead.

W1221 14:22:17.460900 140225859569408 deprecation_wrapper.py:119] From /home/anupam/miniconda3py38/envs/generative/lib/python3.6/site-packages/keras/backend/tensorflow_backend.py:3295: The name tf.log is deprecated. Please use tf.math.log instead.

.. (done)

Training the model
)
W1221 14:22:17.577275 140225859569408 deprecation.py:323] From /home/anupam/miniconda3py38/envs/generative/lib/python3.6/site-packages/tensorflow/python/ops/math_grad.py:1250: add_dispatch_support.<locals>.wrapper (from tensorflow.python.ops.array_ops) is deprecated and will be removed in a future version.
Instructions for updating:
Use tf.where in 2.0, which has the same broadcast rule as np.where
W1221 14:22:17.616783 140225859569408 deprecation_wrapper.py:119] From /home/anupam/miniconda3py38/envs/generative/lib/python3.6/site-packages/keras/backend/tensorflow_backend.py:986: The name tf.assign_add is deprecated. Please use tf.compat.v1.assign_add instead.

Epoch 1/10
2022-12-21 14:22:17.734332: I tensorflow/core/platform/cpu_feature_guard.cc:142] Your CPU supports instructions that this TensorFlow binary was not compiled to use: AVX2 FMA
2022-12-21 14:22:17.738320: I tensorflow/core/platform/profile_utils/cpu_utils.cc:94] CPU Frequency: 2807905000 Hz
2022-12-21 14:22:17.738741: I tensorflow/compiler/xla/service/service.cc:168] XLA service 0x555a97cde940 executing computations on platform Host. Devices:
2022-12-21 14:22:17.738763: I tensorflow/compiler/xla/service/service.cc:175]   StreamExecutor device (0): <undefined>, <undefined>
2022-12-21 14:22:17.829779: W tensorflow/compiler/jit/mark_for_compilation_pass.cc:1412] (One-time warning): Not using XLA:CPU for cluster because envvar TF_XLA_FLAGS=--tf_xla_cpu_global_jit was not set.  If you want XLA:CPU, either set that envvar, or use experimental_jit_scope to enable XLA:CPU.  To confirm that XLA is active, pass --vmodule=xla_compilation_cache=1 (as a proper command-line flag, not via TF_XLA_FLAGS) or set the envvar XLA_FLAGS=--xla_hlo_profile.
50000/50000 [==============================] - 9s 176us/step - loss: 1.8464 - acc: 0.3333
Epoch 2/10
50000/50000 [==============================] - 9s 173us/step - loss: 1.6689 - acc: 0.4036
Epoch 3/10
50000/50000 [==============================] - 9s 172us/step - loss: 1.5858 - acc: 0.4368
Epoch 4/10
50000/50000 [==============================] - 9s 170us/step - loss: 1.5259 - acc: 0.4566
Epoch 5/10
50000/50000 [==============================] - 9s 173us/step - loss: 1.4937 - acc: 0.4680
Epoch 6/10
50000/50000 [==============================] - 9s 172us/step - loss: 1.4558 - acc: 0.4835
Epoch 7/10
50000/50000 [==============================] - 9s 172us/step - loss: 1.4283 - acc: 0.4908
Epoch 8/10
50000/50000 [==============================] - 9s 172us/step - loss: 1.4047 - acc: 0.4991
Epoch 9/10
50000/50000 [==============================] - 9s 172us/step - loss: 1.3795 - acc: 0.5081
Epoch 10/10
50000/50000 [==============================] - 9s 172us/step - loss: 1.3624 - acc: 0.5145
10000/10000 [==============================] - 0s 36us/step
(generative) anupam@anupam-Inspiron-15-7000-Gaming:~/github_deeplearning/gans/exercises/3.variations$ 

